Searching DEVSIM_MATH_LIBS="libopenblas.dylib:liblapack.dylib:libblas.dylib"
Loading "libopenblas.dylib": MISSING DLL
Loading "liblapack.dylib": ALL BLAS/LAPACK LOADED
Skipping libblas.dylib
loading UMFPACK 5.1 as direct solver
======================================================================
优化的漂移扩散仿真 V2 - 自适应步长
======================================================================
开始时间: 2026-02-18 11:06:03


======================================================================
仿真场板长度 L_fp = 2.0 μm
======================================================================
✓ 结果已存在，跳过: data/final/devsim_dd_v2_results_L2.0.json
  数据点: 1

======================================================================
仿真场板长度 L_fp = 4.0 μm
======================================================================
1. 加载网格...
Physical group name anode has 0 Tetrahedra.
Physical group name anode has 0 Triangles.
Physical group name anode has 50 Lines.
Physical group name anode has 51 Points.
Physical group name cathode has 0 Tetrahedra.
Physical group name cathode has 0 Triangles.
Physical group name cathode has 40 Lines.
Physical group name cathode has 41 Points.
Physical group name field_plate has 0 Tetrahedra.
Physical group name field_plate has 0 Triangles.
Physical group name field_plate has 17 Lines.
Physical group name field_plate has 18 Points.
Physical group name fieldplate_metal has 0 Tetrahedra.
Physical group name fieldplate_metal has 1343 Triangles.
Physical group name fieldplate_metal has 2111 Lines.
Physical group name fieldplate_metal has 769 Points.
Physical group name ndrift has 0 Tetrahedra.
Physical group name ndrift has 30967 Triangles.
Physical group name ndrift has 46699 Lines.
Physical group name ndrift has 15733 Points.
Physical group name pplus has 0 Tetrahedra.
Physical group name pplus has 2326 Triangles.
Physical group name pplus has 3559 Lines.
Physical group name pplus has 1234 Points.
Device diode has 17714 coordinates with max index 17714
Region fieldplate_metal has 769 nodes.
Region ndrift has 15733 nodes.
Region pplus has 1234 nodes.
Contact anode in region pplus with 51 nodes
Contact cathode in region ndrift with 41 nodes
Contact field_plate in region ndrift with 18 nodes
   ✓ 网格加载完成
2. 设置物理参数...
   ✓ 渐变掺杂设置完成
3. 求解势分布...
number of equations 16967
Iteration: 0
  Device: "diode"	RelError: 2.00000e+00	AbsError: 3.66542e-01
    Region: "ndrift"	RelError: 1.00000e+00	AbsError: 3.66542e-01
      Equation: "PotentialEquation"	RelError: 1.00000e+00	AbsError: 3.66542e-01
    Region: "pplus"	RelError: 1.00000e+00	AbsError: 3.63707e-01
      Equation: "PotentialEquation"	RelError: 1.00000e+00	AbsError: 3.63707e-01
Iteration: 1
  Device: "diode"	RelError: 9.74080e-01	AbsError: 2.14144e-01
    Region: "ndrift"	RelError: 4.86813e-01	AbsError: 2.06397e-01
      Equation: "PotentialEquation"	RelError: 4.86813e-01	AbsError: 2.06397e-01
    Region: "pplus"	RelError: 4.87268e-01	AbsError: 2.14144e-01
      Equation: "PotentialEquation"	RelError: 4.87268e-01	AbsError: 2.14144e-01
Iteration: 2
  Device: "diode"	RelError: 6.28310e-01	AbsError: 7.13364e-02
    Region: "ndrift"	RelError: 3.13794e-01	AbsError: 7.02862e-02
      Equation: "PotentialEquation"	RelError: 3.13794e-01	AbsError: 7.02862e-02
    Region: "pplus"	RelError: 3.14516e-01	AbsError: 7.13364e-02
      Equation: "PotentialEquation"	RelError: 3.14516e-01	AbsError: 7.13364e-02
Iteration: 3
  Device: "diode"	RelError: 4.51633e-01	AbsError: 6.63439e-02
    Region: "ndrift"	RelError: 2.25324e-01	AbsError: 6.51498e-02
      Equation: "PotentialEquation"	RelError: 2.25324e-01	AbsError: 6.51498e-02
    Region: "pplus"	RelError: 2.26308e-01	AbsError: 6.63439e-02
      Equation: "PotentialEquation"	RelError: 2.26308e-01	AbsError: 6.63439e-02
Iteration: 4
  Device: "diode"	RelError: 3.41493e-01	AbsError: 6.06384e-02
    Region: "ndrift"	RelError: 1.70099e-01	AbsError: 5.92628e-02
      Equation: "PotentialEquation"	RelError: 1.70099e-01	AbsError: 5.92628e-02
    Region: "pplus"	RelError: 1.71394e-01	AbsError: 6.06384e-02
      Equation: "PotentialEquation"	RelError: 1.71394e-01	AbsError: 6.06384e-02
Iteration: 5
  Device: "diode"	RelError: 2.63264e-01	AbsError: 5.40285e-02
    Region: "ndrift"	RelError: 1.30784e-01	AbsError: 5.24213e-02
      Equation: "PotentialEquation"	RelError: 1.30784e-01	AbsError: 5.24213e-02
    Region: "pplus"	RelError: 1.32480e-01	AbsError: 5.40285e-02
      Equation: "PotentialEquation"	RelError: 1.32480e-01	AbsError: 5.40285e-02
Iteration: 6
  Device: "diode"	RelError: 2.01530e-01	AbsError: 4.62634e-02
    Region: "ndrift"	RelError: 9.96475e-02	AbsError: 4.43615e-02
      Equation: "PotentialEquation"	RelError: 9.96475e-02	AbsError: 4.43615e-02
    Region: "pplus"	RelError: 1.01882e-01	AbsError: 4.62634e-02
      Equation: "PotentialEquation"	RelError: 1.01882e-01	AbsError: 4.62634e-02
Iteration: 7
  Device: "diode"	RelError: 1.47922e-01	AbsError: 3.70494e-02
    Region: "ndrift"	RelError: 7.24858e-02	AbsError: 3.47914e-02
      Equation: "PotentialEquation"	RelError: 7.24858e-02	AbsError: 3.47914e-02
    Region: "pplus"	RelError: 7.54360e-02	AbsError: 3.70494e-02
      Equation: "PotentialEquation"	RelError: 7.54360e-02	AbsError: 3.70494e-02
Iteration: 8
  Device: "diode"	RelError: 1.01797e-01	AbsError: 2.62025e-02
    Region: "ndrift"	RelError: 5.11484e-02	AbsError: 2.43178e-02
      Equation: "PotentialEquation"	RelError: 5.11484e-02	AbsError: 2.43178e-02
    Region: "pplus"	RelError: 5.06486e-02	AbsError: 2.62025e-02
      Equation: "PotentialEquation"	RelError: 5.06486e-02	AbsError: 2.62025e-02
Iteration: 9
  Device: "diode"	RelError: 6.44634e-02	AbsError: 1.91281e-02
    Region: "ndrift"	RelError: 2.88077e-02	AbsError: 1.49375e-02
      Equation: "PotentialEquation"	RelError: 2.88077e-02	AbsError: 1.49375e-02
    Region: "pplus"	RelError: 3.56557e-02	AbsError: 1.91281e-02
      Equation: "PotentialEquation"	RelError: 3.56557e-02	AbsError: 1.91281e-02
Iteration: 10
  Device: "diode"	RelError: 1.40098e-14	AbsError: 3.33465e-15
    Region: "ndrift"	RelError: 1.39801e-14	AbsError: 3.33465e-15
      Equation: "PotentialEquation"	RelError: 1.39801e-14	AbsError: 3.33465e-15
    Region: "pplus"	RelError: 2.96961e-17	AbsError: 1.59310e-17
      Equation: "PotentialEquation"	RelError: 2.96961e-17	AbsError: 1.59310e-17
   ✓ 势求解收敛
4. 添加载流子...
Warning: Replacing equation with equation of the same name.
Region: pplus, Equation: PotentialEquation, Variable: Potential
Warning: Replacing equation with equation of the same name.
Region: ndrift, Equation: PotentialEquation, Variable: Potential
Replacing Node Model anodenodeelectrons in region pplus of material Si
Replacing Node Model anodenodeelectrons:Electrons in region pplus of material Si
Replacing Node Model anodenodeholes in region pplus of material Si
Replacing Node Model anodenodeholes:Holes in region pplus of material Si
Warning: Replacing Contact Equation with Contact Equation of the same name.
Contact: anode, Equation: ElectronContinuityEquation
Warning: Replacing Contact Equation with Contact Equation of the same name.
Contact: anode, Equation: HoleContinuityEquation
Replacing Node Model cathodenodeelectrons in region ndrift of material Si
Replacing Node Model cathodenodeelectrons:Electrons in region ndrift of material Si
Replacing Node Model cathodenodeholes in region ndrift of material Si
Replacing Node Model cathodenodeholes:Holes in region ndrift of material Si
Warning: Replacing Contact Equation with Contact Equation of the same name.
Contact: cathode, Equation: ElectronContinuityEquation
Warning: Replacing Contact Equation with Contact Equation of the same name.
Contact: cathode, Equation: HoleContinuityEquation
5. 求解漂移扩散...
number of equations 50901
Iteration: 0
  Device: "diode"	RelError: 1.11140e-14	AbsError: 2.49031e+04
    Region: "ndrift"	RelError: 9.96457e-15	AbsError: 2.49031e+04
      Equation: "ElectronContinuityEquation"	RelError: 4.98161e-15	AbsError: 2.49031e+04
      Equation: "HoleContinuityEquation"	RelError: 4.76442e-15	AbsError: 1.84390e-09
      Equation: "PotentialEquation"	RelError: 2.18544e-16	AbsError: 1.11173e-16
    Region: "pplus"	RelError: 1.14939e-15	AbsError: 6.15400e+03
      Equation: "ElectronContinuityEquation"	RelError: 6.15400e-16	AbsError: 6.15400e+03
      Equation: "HoleContinuityEquation"	RelError: 5.33939e-16	AbsError: 5.33939e-15
      Equation: "PotentialEquation"	RelError: 4.82549e-20	AbsError: 2.58872e-20
number of equations 50901
Iteration: 0
  Device: "diode"	RelError: 1.50332e-15	AbsError: 6.62140e+02
    Region: "ndrift"	RelError: 1.50127e-15	AbsError: 6.62140e+02
      Equation: "ElectronContinuityEquation"	RelError: 3.10019e-16	AbsError: 6.62140e+02
      Equation: "HoleContinuityEquation"	RelError: 1.06127e-15	AbsError: 3.34560e-10
      Equation: "PotentialEquation"	RelError: 1.29979e-16	AbsError: 6.13801e-17
    Region: "pplus"	RelError: 2.04825e-18	AbsError: 1.00000e+01
      Equation: "ElectronContinuityEquation"	RelError: 1.00000e-18	AbsError: 1.00000e+01
      Equation: "HoleContinuityEquation"	RelError: 1.00000e-18	AbsError: 1.00000e-17
      Equation: "PotentialEquation"	RelError: 4.82549e-20	AbsError: 2.58872e-20
   ✓ 漂移扩散求解收敛
5.1 创建电场模型...
Replacing Edge Model Potential@n0 in region pplus of material Si
Replacing Edge Model Potential@n1 in region pplus of material Si
Replacing Edge Model ElectricField in region pplus of material Si
Replacing Edge Model Potential@n0 in region ndrift of material Si
Replacing Edge Model Potential@n1 in region ndrift of material Si
Replacing Edge Model ElectricField in region ndrift of material Si
   ✓ 电场模型创建完成
6. 开始电压扫描（自适应步长）...

   目标电压: -5V
      尝试 V=-5V (步长5.0V)... number of equations 50901
Iteration: 0
  Device: "diode"	RelError: 1.00167e+03	AbsError: 4.99505e+18
    Region: "ndrift"	RelError: 1.00133e+03	AbsError: 4.99505e+18
      Equation: "ElectronContinuityEquation"	RelError: 9.99000e+02	AbsError: 4.99505e+18
      Equation: "HoleContinuityEquation"	RelError: 9.94849e-01	AbsError: 1.93106e+08
      Equation: "PotentialEquation"	RelError: 1.33781e+00	AbsError: 1.36444e-01
    Region: "pplus"	RelError: 3.41091e-01	AbsError: 1.44522e+03
      Equation: "ElectronContinuityEquation"	RelError: 1.44508e-16	AbsError: 1.44508e+03
      Equation: "HoleContinuityEquation"	RelError: 1.92691e-12	AbsError: 1.92691e-11
      Equation: "PotentialEquation"	RelError: 3.41091e-01	AbsError: 1.36444e-01
Iteration: 1
  Device: "diode"	RelError: 1.78335e+03	AbsError: 5.94061e+15
    Region: "ndrift"	RelError: 1.78284e+03	AbsError: 5.94061e+15
      Equation: "ElectronContinuityEquation"	RelError: 9.99000e+02	AbsError: 5.94001e+15
      Equation: "HoleContinuityEquation"	RelError: 9.99741e-01	AbsError: 5.95540e+11
      Equation: "PotentialEquation"	RelError: 7.82840e+02	AbsError: 1.35731e-01
    Region: "pplus"	RelError: 5.13567e-01	AbsError: 2.48131e+03
      Equation: "ElectronContinuityEquation"	RelError: 2.48118e-16	AbsError: 2.48118e+03
      Equation: "HoleContinuityEquation"	RelError: 2.03352e-12	AbsError: 2.03352e-11
      Equation: "PotentialEquation"	RelError: 5.13567e-01	AbsError: 1.35731e-01
Iteration: 2
  Device: "diode"	RelError: 2.19052e+03	AbsError: 7.25424e+15
    Region: "ndrift"	RelError: 2.18947e+03	AbsError: 7.25424e+15
      Equation: "ElectronContinuityEquation"	RelError: 9.99000e+02	AbsError: 5.65971e+15
      Equation: "HoleContinuityEquation"	RelError: 9.99000e+02	AbsError: 1.59453e+15
      Equation: "PotentialEquation"	RelError: 1.91474e+02	AbsError: 1.35002e-01
    Region: "pplus"	RelError: 1.04419e+00	AbsError: 2.48610e+03
      Equation: "ElectronContinuityEquation"	RelError: 2.48596e-16	AbsError: 2.48596e+03
      Equation: "HoleContinuityEquation"	RelError: 1.35915e-12	AbsError: 1.35915e-11
      Equation: "PotentialEquation"	RelError: 1.04419e+00	AbsError: 1.35002e-01
Iteration: 3
  Device: "diode"	RelError: 2.29064e+03	AbsError: 2.96762e+17
    Region: "ndrift"	RelError: 2.26360e+03	AbsError: 2.96762e+17
      Equation: "ElectronContinuityEquation"	RelError: 9.99000e+02	AbsError: 9.35605e+14
      Equation: "HoleContinuityEquation"	RelError: 9.99000e+02	AbsError: 2.95827e+17
      Equation: "PotentialEquation"	RelError: 2.65605e+02	AbsError: 1.34256e-01
    Region: "pplus"	RelError: 2.70315e+01	AbsError: 2.34498e+03
      Equation: "ElectronContinuityEquation"	RelError: 2.34485e-16	AbsError: 2.34485e+03
      Equation: "HoleContinuityEquation"	RelError: 7.99849e-13	AbsError: 7.99849e-12
      Equation: "PotentialEquation"	RelError: 2.70315e+01	AbsError: 1.34256e-01
Iteration: 4
  Device: "diode"	RelError: 2.65567e+03	AbsError: 5.34292e+19
    Region: "ndrift"	RelError: 2.65470e+03	AbsError: 5.34292e+19
      Equation: "ElectronContinuityEquation"	RelError: 9.99000e+02	AbsError: 4.05051e+15
      Equation: "HoleContinuityEquation"	RelError: 1.47960e+03	AbsError: 5.34251e+19
      Equation: "PotentialEquation"	RelError: 1.76101e+02	AbsError: 1.33492e-01
    Region: "pplus"	RelError: 9.64129e-01	AbsError: 2.39306e+03
      Equation: "ElectronContinuityEquation"	RelError: 2.39292e-16	AbsError: 2.39292e+03
      Equation: "HoleContinuityEquation"	RelError: 1.45266e-12	AbsError: 1.45266e-11
      Equation: "PotentialEquation"	RelError: 9.64129e-01	AbsError: 1.33492e-01
Iteration: 5
  Device: "diode"	RelError: 2.04485e+03	AbsError: 3.76443e+22
    Region: "ndrift"	RelError: 2.04436e+03	AbsError: 3.76443e+22
      Equation: "ElectronContinuityEquation"	RelError: 9.99000e+02	AbsError: 2.74110e+16
      Equation: "HoleContinuityEquation"	RelError: 9.99000e+02	AbsError: 3.76443e+22
      Equation: "PotentialEquation"	RelError: 4.63609e+01	AbsError: 1.59534e-01
    Region: "pplus"	RelError: 4.89399e-01	AbsError: 1.60881e+03
      Equation: "ElectronContinuityEquation"	RelError: 1.60868e-16	AbsError: 1.60868e+03
      Equation: "HoleContinuityEquation"	RelError: 1.20570e-12	AbsError: 1.20570e-11
      Equation: "PotentialEquation"	RelError: 4.89399e-01	AbsError: 1.32709e-01
Iteration: 6
  Device: "diode"	RelError: 2.05834e+03	AbsError: 9.00575e+25
    Region: "ndrift"	RelError: 2.05802e+03	AbsError: 9.00575e+25
      Equation: "ElectronContinuityEquation"	RelError: 9.99000e+02	AbsError: 3.68595e+16
      Equation: "HoleContinuityEquation"	RelError: 9.99000e+02	AbsError: 9.00575e+25
      Equation: "PotentialEquation"	RelError: 6.00163e+01	AbsError: 2.01107e-01
    Region: "pplus"	RelError: 3.27252e-01	AbsError: 1.90873e+03
      Equation: "ElectronContinuityEquation"	RelError: 1.90860e-16	AbsError: 1.90860e+03
      Equation: "HoleContinuityEquation"	RelError: 1.29809e-12	AbsError: 1.29809e-11
      Equation: "PotentialEquation"	RelError: 3.27252e-01	AbsError: 1.31907e-01
Iteration: 7
  Device: "diode"	RelError: 6.35580e+03	AbsError: 9.00051e+25
    Region: "ndrift"	RelError: 6.35555e+03	AbsError: 9.00051e+25
      Equation: "ElectronContinuityEquation"	RelError: 4.91936e+03	AbsError: 3.54105e+16
      Equation: "HoleContinuityEquation"	RelError: 9.99000e+02	AbsError: 9.00051e+25
      Equation: "PotentialEquation"	RelError: 4.37188e+02	AbsError: 2.55631e-01
    Region: "pplus"	RelError: 2.45403e-01	AbsError: 1.63022e+03
      Equation: "ElectronContinuityEquation"	RelError: 1.63009e-16	AbsError: 1.63009e+03
      Equation: "HoleContinuityEquation"	RelError: 2.32617e-12	AbsError: 2.32617e-11
      Equation: "PotentialEquation"	RelError: 2.45403e-01	AbsError: 1.31084e-01
Iteration: 8
  Device: "diode"	RelError: 2.09950e+03	AbsError: 3.11567e+25
    Region: "ndrift"	RelError: 2.09930e+03	AbsError: 3.11567e+25
      Equation: "ElectronContinuityEquation"	RelError: 9.99000e+02	AbsError: 4.14849e+16
      Equation: "HoleContinuityEquation"	RelError: 9.99000e+02	AbsError: 3.11567e+25
      Equation: "PotentialEquation"	RelError: 1.01301e+02	AbsError: 1.40495e-01
    Region: "pplus"	RelError: 1.96026e-01	AbsError: 1.17255e+03
      Equation: "ElectronContinuityEquation"	RelError: 1.17242e-16	AbsError: 1.17242e+03
      Equation: "HoleContinuityEquation"	RelError: 2.13391e-12	AbsError: 2.13391e-11
      Equation: "PotentialEquation"	RelError: 1.96026e-01	AbsError: 1.30240e-01
Iteration: 9
  Device: "diode"	RelError: 2.10962e+03	AbsError: 4.51040e+28
    Region: "ndrift"	RelError: 2.10946e+03	AbsError: 4.51040e+28
      Equation: "ElectronContinuityEquation"	RelError: 9.99000e+02	AbsError: 2.99712e+16
      Equation: "HoleContinuityEquation"	RelError: 9.99000e+02	AbsError: 4.51040e+28
      Equation: "PotentialEquation"	RelError: 1.11458e+02	AbsError: 1.66903e-01
    Region: "pplus"	RelError: 1.62985e-01	AbsError: 1.63607e+03
      Equation: "ElectronContinuityEquation"	RelError: 1.63594e-16	AbsError: 1.63594e+03
      Equation: "HoleContinuityEquation"	RelError: 1.43528e-12	AbsError: 1.43528e-11
      Equation: "PotentialEquation"	RelError: 1.62985e-01	AbsError: 1.29373e-01
Iteration: 10
  Device: "diode"	RelError: 3.50597e+03	AbsError: 4.61781e+30
    Region: "ndrift"	RelError: 3.50583e+03	AbsError: 4.61781e+30
      Equation: "ElectronContinuityEquation"	RelError: 1.98765e+03	AbsError: 6.55586e+15
      Equation: "HoleContinuityEquation"	RelError: 9.99000e+02	AbsError: 4.61781e+30
      Equation: "PotentialEquation"	RelError: 5.19187e+02	AbsError: 1.28742e-01
    Region: "pplus"	RelError: 1.39313e-01	AbsError: 1.40980e+03
      Equation: "ElectronContinuityEquation"	RelError: 1.40967e-16	AbsError: 1.40967e+03
      Equation: "HoleContinuityEquation"	RelError: 1.59182e-12	AbsError: 1.59182e-11
      Equation: "PotentialEquation"	RelError: 1.39313e-01	AbsError: 1.28481e-01
Iteration: 11
  Device: "diode"	RelError: 2.09684e+03	AbsError: 3.54594e+32
    Region: "ndrift"	RelError: 2.09671e+03	AbsError: 3.54594e+32
      Equation: "ElectronContinuityEquation"	RelError: 9.99000e+02	AbsError: 4.13759e+15
      Equation: "HoleContinuityEquation"	RelError: 9.99000e+02	AbsError: 3.54594e+32
      Equation: "PotentialEquation"	RelError: 9.87142e+01	AbsError: 1.27565e-01
    Region: "pplus"	RelError: 1.21512e-01	AbsError: 9.54448e+02
      Equation: "ElectronContinuityEquation"	RelError: 9.54320e-17	AbsError: 9.54320e+02
      Equation: "HoleContinuityEquation"	RelError: 8.80118e-13	AbsError: 8.80118e-12
      Equation: "PotentialEquation"	RelError: 1.21512e-01	AbsError: 1.27565e-01
Iteration: 12
  Device: "diode"	RelError: 2.18440e+03	AbsError: 2.32421e+35
    Region: "ndrift"	RelError: 2.18429e+03	AbsError: 2.32421e+35
      Equation: "ElectronContinuityEquation"	RelError: 9.99000e+02	AbsError: 9.41614e+16
      Equation: "HoleContinuityEquation"	RelError: 9.99000e+02	AbsError: 2.32421e+35
      Equation: "PotentialEquation"	RelError: 1.86290e+02	AbsError: 1.64578e-01
    Region: "pplus"	RelError: 1.07631e-01	AbsError: 9.61797e+02
      Equation: "ElectronContinuityEquation"	RelError: 9.61670e-17	AbsError: 9.61670e+02
      Equation: "HoleContinuityEquation"	RelError: 1.05769e-12	AbsError: 1.05769e-11
      Equation: "PotentialEquation"	RelError: 1.07631e-01	AbsError: 1.26622e-01
Iteration: 13
  Device: "diode"	RelError: 3.66540e+03	AbsError: 2.32547e+35
    Region: "ndrift"	RelError: 3.66530e+03	AbsError: 2.32547e+35
      Equation: "ElectronContinuityEquation"	RelError: 1.28964e+03	AbsError: 1.03577e+17
      Equation: "HoleContinuityEquation"	RelError: 9.99000e+02	AbsError: 2.32547e+35
      Equation: "PotentialEquation"	RelError: 1.37667e+03	AbsError: 1.33286e-01
    Region: "pplus"	RelError: 9.64990e-02	AbsError: 9.81690e+02
      Equation: "ElectronContinuityEquation"	RelError: 9.81565e-17	AbsError: 9.81565e+02
      Equation: "HoleContinuityEquation"	RelError: 3.92582e-13	AbsError: 3.92582e-12
      Equation: "PotentialEquation"	RelError: 9.64990e-02	AbsError: 1.25650e-01
Iteration: 14
  Device: "diode"	RelError: 2.55976e+03	AbsError: 2.32547e+32
    Region: "ndrift"	RelError: 2.55967e+03	AbsError: 2.32547e+32
      Equation: "ElectronContinuityEquation"	RelError: 9.99000e+02	AbsError: 7.07020e+17
      Equation: "HoleContinuityEquation"	RelError: 9.99000e+02	AbsError: 2.32547e+32
      Equation: "PotentialEquation"	RelError: 5.61672e+02	AbsError: 4.52939e-01
    Region: "pplus"	RelError: 8.73663e-02	AbsError: 8.13317e+02
      Equation: "ElectronContinuityEquation"	RelError: 8.13193e-17	AbsError: 8.13193e+02
      Equation: "HoleContinuityEquation"	RelError: 6.69627e-13	AbsError: 6.69627e-12
      Equation: "PotentialEquation"	RelError: 8.73663e-02	AbsError: 1.24649e-01
Iteration: 15
  Device: "diode"	RelError: 4.47844e+05	AbsError: 2.32547e+29
    Region: "ndrift"	RelError: 4.47844e+05	AbsError: 2.32547e+29
      Equation: "ElectronContinuityEquation"	RelError: 9.99000e+02	AbsError: 7.05811e+17
      Equation: "HoleContinuityEquation"	RelError: 4.32749e+05	AbsError: 2.32547e+29
      Equation: "PotentialEquation"	RelError: 1.40957e+04	AbsError: 1.67874e-01
    Region: "pplus"	RelError: 7.97338e-02	AbsError: 8.72706e+02
      Equation: "ElectronContinuityEquation"	RelError: 8.72583e-17	AbsError: 8.72583e+02
      Equation: "HoleContinuityEquation"	RelError: 7.82697e-13	AbsError: 7.82697e-12
      Equation: "PotentialEquation"	RelError: 7.97338e-02	AbsError: 1.23616e-01
Iteration: 16
  Device: "diode"	RelError: 6.71656e+04	AbsError: 2.32547e+26
    Region: "ndrift"	RelError: 6.71655e+04	AbsError: 2.32547e+26
      Equation: "ElectronContinuityEquation"	RelError: 9.99000e+02	AbsError: 1.55126e+16
      Equation: "HoleContinuityEquation"	RelError: 6.61110e+04	AbsError: 2.32547e+26
      Equation: "PotentialEquation"	RelError: 5.55042e+01	AbsError: 1.26967e-01
    Region: "pplus"	RelError: 7.32551e-02	AbsError: 8.07170e+02
      Equation: "ElectronContinuityEquation"	RelError: 8.07048e-17	AbsError: 8.07048e+02
      Equation: "HoleContinuityEquation"	RelError: 6.77307e-13	AbsError: 6.77307e-12
      Equation: "PotentialEquation"	RelError: 7.32551e-02	AbsError: 1.22549e-01
Iteration: 17
  Device: "diode"	RelError: 1.76617e+04	AbsError: 5.01905e+26
    Region: "ndrift"	RelError: 1.76616e+04	AbsError: 5.01905e+26
      Equation: "ElectronContinuityEquation"	RelError: 9.99000e+02	AbsError: 1.14288e+16
      Equation: "HoleContinuityEquation"	RelError: 1.66460e+04	AbsError: 5.01905e+26
      Equation: "PotentialEquation"	RelError: 1.66686e+01	AbsError: 1.27084e-01
    Region: "pplus"	RelError: 6.76822e-02	AbsError: 7.63561e+02
      Equation: "ElectronContinuityEquation"	RelError: 7.63439e-17	AbsError: 7.63439e+02
      Equation: "HoleContinuityEquation"	RelError: 8.15407e-13	AbsError: 8.15407e-12
      Equation: "PotentialEquation"	RelError: 6.76822e-02	AbsError: 1.21446e-01
Iteration: 18
  Device: "diode"	RelError: 9.87947e+03	AbsError: 3.22499e+29
    Region: "ndrift"	RelError: 9.87940e+03	AbsError: 3.22499e+29
      Equation: "ElectronContinuityEquation"	RelError: 9.99000e+02	AbsError: 2.30534e+16
      Equation: "HoleContinuityEquation"	RelError: 8.85198e+03	AbsError: 3.22499e+29
      Equation: "PotentialEquation"	RelError: 2.84299e+01	AbsError: 1.55340e-01
    Region: "pplus"	RelError: 6.28333e-02	AbsError: 9.11371e+02
      Equation: "ElectronContinuityEquation"	RelError: 9.11251e-17	AbsError: 9.11251e+02
      Equation: "HoleContinuityEquation"	RelError: 4.88857e-13	AbsError: 4.88857e-12
      Equation: "PotentialEquation"	RelError: 6.28333e-02	AbsError: 1.20304e-01
Iteration: 19
  Device: "diode"	RelError: 1.47034e+05	AbsError: 1.75136e+32
    Region: "ndrift"	RelError: 1.47034e+05	AbsError: 1.75136e+32
      Equation: "ElectronContinuityEquation"	RelError: 9.99000e+02	AbsError: 2.20926e+16
      Equation: "HoleContinuityEquation"	RelError: 1.45987e+05	AbsError: 1.75136e+32
      Equation: "PotentialEquation"	RelError: 4.84456e+01	AbsError: 1.49739e-01
    Region: "pplus"	RelError: 5.85715e-02	AbsError: 8.02334e+02
      Equation: "ElectronContinuityEquation"	RelError: 8.02215e-17	AbsError: 8.02215e+02
      Equation: "HoleContinuityEquation"	RelError: 1.06630e-12	AbsError: 1.06630e-11
      Equation: "PotentialEquation"	RelError: 5.85715e-02	AbsError: 1.19121e-01
Iteration: 20
  Device: "diode"	RelError: 3.06215e+03	AbsError: 1.75283e+32
    Region: "ndrift"	RelError: 3.06210e+03	AbsError: 1.75283e+32
      Equation: "ElectronContinuityEquation"	RelError: 9.99000e+02	AbsError: 1.23809e+16
      Equation: "HoleContinuityEquation"	RelError: 2.04407e+03	AbsError: 1.75283e+32
      Equation: "PotentialEquation"	RelError: 1.90266e+01	AbsError: 1.90406e-01
    Region: "pplus"	RelError: 5.47921e-02	AbsError: 6.27229e+02
      Equation: "ElectronContinuityEquation"	RelError: 6.27111e-17	AbsError: 6.27111e+02
      Equation: "HoleContinuityEquation"	RelError: 9.15296e-13	AbsError: 9.15296e-12
      Equation: "PotentialEquation"	RelError: 5.47921e-02	AbsError: 1.17894e-01
Iteration: 21
  Device: "diode"	RelError: 2.01082e+03	AbsError: 1.75283e+29
    Region: "ndrift"	RelError: 2.01077e+03	AbsError: 1.75283e+29
      Equation: "ElectronContinuityEquation"	RelError: 9.99000e+02	AbsError: 9.62654e+15
      Equation: "HoleContinuityEquation"	RelError: 9.99000e+02	AbsError: 1.75283e+29
      Equation: "PotentialEquation"	RelError: 1.27702e+01	AbsError: 1.23639e-01
    Region: "pplus"	RelError: 5.14133e-02	AbsError: 6.54493e+02
      Equation: "ElectronContinuityEquation"	RelError: 6.54377e-17	AbsError: 6.54377e+02
      Equation: "HoleContinuityEquation"	RelError: 6.76536e-13	AbsError: 6.76536e-12
      Equation: "PotentialEquation"	RelError: 5.14133e-02	AbsError: 1.16620e-01
Iteration: 22
  Device: "diode"	RelError: 1.02428e+04	AbsError: 1.75283e+26
    Region: "ndrift"	RelError: 1.02427e+04	AbsError: 1.75283e+26
      Equation: "ElectronContinuityEquation"	RelError: 9.99000e+02	AbsError: 6.70191e+15
      Equation: "HoleContinuityEquation"	RelError: 9.20908e+03	AbsError: 1.75283e+26
      Equation: "PotentialEquation"	RelError: 3.46636e+01	AbsError: 1.22548e-01
    Region: "pplus"	RelError: 4.83703e-02	AbsError: 6.61263e+02
      Equation: "ElectronContinuityEquation"	RelError: 6.61148e-17	AbsError: 6.61148e+02
      Equation: "HoleContinuityEquation"	RelError: 8.60844e-13	AbsError: 8.60844e-12
      Equation: "PotentialEquation"	RelError: 4.83703e-02	AbsError: 1.15295e-01
Iteration: 23
  Device: "diode"	RelError: 2.02294e+03	AbsError: 4.74983e+26
    Region: "ndrift"	RelError: 2.02289e+03	AbsError: 4.74983e+26
      Equation: "ElectronContinuityEquation"	RelError: 9.99000e+02	AbsError: 4.91176e+14
      Equation: "HoleContinuityEquation"	RelError: 9.99000e+02	AbsError: 4.74983e+26
      Equation: "PotentialEquation"	RelError: 2.48917e+01	AbsError: 1.21415e-01
    Region: "pplus"	RelError: 4.56113e-02	AbsError: 7.77186e+02
      Equation: "ElectronContinuityEquation"	RelError: 7.77072e-17	AbsError: 7.77072e+02
      Equation: "HoleContinuityEquation"	RelError: 3.79760e-13	AbsError: 3.79760e-12
      Equation: "PotentialEquation"	RelError: 4.56113e-02	AbsError: 1.13914e-01
Iteration: 24
  Device: "diode"	RelError: 2.00747e+03	AbsError: 4.74683e+26
    Region: "ndrift"	RelError: 2.00743e+03	AbsError: 4.74683e+26
      Equation: "ElectronContinuityEquation"	RelError: 9.99000e+02	AbsError: 3.06824e+14
      Equation: "HoleContinuityEquation"	RelError: 9.99000e+02	AbsError: 4.74683e+26
      Equation: "PotentialEquation"	RelError: 9.42580e+00	AbsError: 1.20202e-01
    Region: "pplus"	RelError: 4.30939e-02	AbsError: 4.78697e+02
      Equation: "ElectronContinuityEquation"	RelError: 4.78584e-17	AbsError: 4.78584e+02
      Equation: "HoleContinuityEquation"	RelError: 4.48003e-13	AbsError: 4.48003e-12
      Equation: "PotentialEquation"	RelError: 4.30939e-02	AbsError: 1.12474e-01
Iteration: 25
  Device: "diode"	RelError: 2.03271e+03	AbsError: 1.24986e+26
    Region: "ndrift"	RelError: 2.03267e+03	AbsError: 1.24986e+26
      Equation: "ElectronContinuityEquation"	RelError: 9.99000e+02	AbsError: 2.73941e+14
      Equation: "HoleContinuityEquation"	RelError: 9.99000e+02	AbsError: 1.24986e+26
      Equation: "PotentialEquation"	RelError: 3.46719e+01	AbsError: 1.18948e-01
    Region: "pplus"	RelError: 4.07831e-02	AbsError: 5.89522e+02
      Equation: "ElectronContinuityEquation"	RelError: 5.89411e-17	AbsError: 5.89411e+02
      Equation: "HoleContinuityEquation"	RelError: 5.84846e-13	AbsError: 5.84846e-12
      Equation: "PotentialEquation"	RelError: 4.07831e-02	AbsError: 1.10968e-01
Iteration: 26
  Device: "diode"	RelError: 2.07521e+03	AbsError: 1.25335e+26
    Region: "ndrift"	RelError: 2.07518e+03	AbsError: 1.25335e+26
      Equation: "ElectronContinuityEquation"	RelError: 9.99000e+02	AbsError: 3.99975e+14
      Equation: "HoleContinuityEquation"	RelError: 9.99000e+02	AbsError: 1.25335e+26
      Equation: "PotentialEquation"	RelError: 7.71760e+01	AbsError: 1.17680e-01
    Region: "pplus"	RelError: 3.86500e-02	AbsError: 4.49993e+02
      Equation: "ElectronContinuityEquation"	RelError: 4.49884e-17	AbsError: 4.49884e+02
      Equation: "HoleContinuityEquation"	RelError: 1.72068e-13	AbsError: 1.72068e-12
      Equation: "PotentialEquation"	RelError: 3.86500e-02	AbsError: 1.09392e-01
Iteration: 27
  Device: "diode"	RelError: 2.03008e+03	AbsError: 1.31817e+26
    Region: "ndrift"	RelError: 2.03005e+03	AbsError: 1.31817e+26
      Equation: "ElectronContinuityEquation"	RelError: 9.99000e+02	AbsError: 4.40044e+14
      Equation: "HoleContinuityEquation"	RelError: 9.99000e+02	AbsError: 1.31817e+26
      Equation: "PotentialEquation"	RelError: 3.20478e+01	AbsError: 1.16398e-01
    Region: "pplus"	RelError: 3.66698e-02	AbsError: 4.51364e+02
      Equation: "ElectronContinuityEquation"	RelError: 4.51256e-17	AbsError: 4.51256e+02
      Equation: "HoleContinuityEquation"	RelError: 7.60819e-13	AbsError: 7.60819e-12
      Equation: "PotentialEquation"	RelError: 3.66698e-02	AbsError: 1.07739e-01
Iteration: 28
  Device: "diode"	RelError: 2.07351e+03	AbsError: 2.48761e+28
    Region: "ndrift"	RelError: 2.07347e+03	AbsError: 2.48761e+28
      Equation: "ElectronContinuityEquation"	RelError: 9.99000e+02	AbsError: 1.05434e+14
      Equation: "HoleContinuityEquation"	RelError: 9.99000e+02	AbsError: 2.48761e+28
      Equation: "PotentialEquation"	RelError: 7.54745e+01	AbsError: 1.15078e-01
    Region: "pplus"	RelError: 3.48216e-02	AbsError: 4.17526e+02
      Equation: "ElectronContinuityEquation"	RelError: 4.17420e-17	AbsError: 4.17420e+02
      Equation: "HoleContinuityEquation"	RelError: 6.96425e-13	AbsError: 6.96425e-12
      Equation: "PotentialEquation"	RelError: 3.48216e-02	AbsError: 1.06000e-01
Iteration: 29
  Device: "diode"	RelError: 2.11677e+03	AbsError: 2.49831e+28
    Region: "ndrift"	RelError: 2.11673e+03	AbsError: 2.49831e+28
      Equation: "ElectronContinuityEquation"	RelError: 9.99000e+02	AbsError: 2.23585e+13
      Equation: "HoleContinuityEquation"	RelError: 9.99000e+02	AbsError: 2.49831e+28
      Equation: "PotentialEquation"	RelError: 1.18734e+02	AbsError: 1.13701e-01
    Region: "pplus"	RelError: 3.30873e-02	AbsError: 4.15906e+02
      Equation: "ElectronContinuityEquation"	RelError: 4.15802e-17	AbsError: 4.15802e+02
      Equation: "HoleContinuityEquation"	RelError: 3.68771e-13	AbsError: 3.68771e-12
      Equation: "PotentialEquation"	RelError: 3.30873e-02	AbsError: 1.04166e-01
Iteration: 30
  Device: "diode"	RelError: 1.99560e+04	AbsError: 4.77015e+26
    Region: "ndrift"	RelError: 1.99560e+04	AbsError: 4.77015e+26
      Equation: "ElectronContinuityEquation"	RelError: 1.88722e+04	AbsError: 2.31527e+13
      Equation: "HoleContinuityEquation"	RelError: 9.99000e+02	AbsError: 4.77015e+26
      Equation: "PotentialEquation"	RelError: 8.47779e+01	AbsError: 1.12245e-01
    Region: "pplus"	RelError: 3.14506e-02	AbsError: 4.04750e+02
      Equation: "ElectronContinuityEquation"	RelError: 4.04647e-17	AbsError: 4.04647e+02
      Equation: "HoleContinuityEquation"	RelError: 3.38619e-13	AbsError: 3.38619e-12
      Equation: "PotentialEquation"	RelError: 3.14506e-02	AbsError: 1.02229e-01
Iteration: 31
  Device: "diode"	RelError: 3.78107e+03	AbsError: 5.01521e+26
    Region: "ndrift"	RelError: 3.78104e+03	AbsError: 5.01521e+26
      Equation: "ElectronContinuityEquation"	RelError: 2.74399e+03	AbsError: 1.26670e+12
      Equation: "HoleContinuityEquation"	RelError: 9.99000e+02	AbsError: 5.01521e+26
      Equation: "PotentialEquation"	RelError: 3.80513e+01	AbsError: 1.10735e-01
    Region: "pplus"	RelError: 2.98975e-02	AbsError: 3.34117e+02
      Equation: "ElectronContinuityEquation"	RelError: 3.34017e-17	AbsError: 3.34017e+02
      Equation: "HoleContinuityEquation"	RelError: 4.02488e-13	AbsError: 4.02488e-12
      Equation: "PotentialEquation"	RelError: 2.98975e-02	AbsError: 1.00176e-01
Iteration: 32
  Device: "diode"	RelError: 2.01967e+03	AbsError: 5.41226e+25
    Region: "ndrift"	RelError: 2.01965e+03	AbsError: 5.41226e+25
      Equation: "ElectronContinuityEquation"	RelError: 9.99000e+02	AbsError: 2.52144e+11
      Equation: "HoleContinuityEquation"	RelError: 9.99000e+02	AbsError: 5.41226e+25
      Equation: "PotentialEquation"	RelError: 2.16452e+01	AbsError: 1.09152e-01
    Region: "pplus"	RelError: 2.84148e-02	AbsError: 2.91520e+02
      Equation: "ElectronContinuityEquation"	RelError: 2.91422e-17	AbsError: 2.91422e+02
      Equation: "HoleContinuityEquation"	RelError: 1.44990e-13	AbsError: 1.44990e-12
      Equation: "PotentialEquation"	RelError: 2.84148e-02	AbsError: 9.79921e-02
Iteration: 33
  Device: "diode"	RelError: 2.00020e+03	AbsError: 5.45700e+25
    Region: "ndrift"	RelError: 2.00017e+03	AbsError: 5.45700e+25
      Equation: "ElectronContinuityEquation"	RelError: 9.99000e+02	AbsError: 6.88473e+10
      Equation: "HoleContinuityEquation"	RelError: 9.99000e+02	AbsError: 5.45700e+25
      Equation: "PotentialEquation"	RelError: 2.17250e+00	AbsError: 1.07489e-01
    Region: "pplus"	RelError: 2.69903e-02	AbsError: 2.54989e+02
      Equation: "ElectronContinuityEquation"	RelError: 2.54893e-17	AbsError: 2.54893e+02
      Equation: "HoleContinuityEquation"	RelError: 2.04444e-13	AbsError: 2.04444e-12
      Equation: "PotentialEquation"	RelError: 2.69903e-02	AbsError: 9.56617e-02
Iteration: 34
  Device: "diode"	RelError: 1.99840e+03	AbsError: 4.01798e+24
    Region: "ndrift"	RelError: 1.99837e+03	AbsError: 4.01798e+24
      Equation: "ElectronContinuityEquation"	RelError: 9.99000e+02	AbsError: 3.37757e+10
      Equation: "HoleContinuityEquation"	RelError: 9.99000e+02	AbsError: 4.01798e+24
      Equation: "PotentialEquation"	RelError: 3.71834e-01	AbsError: 1.05739e-01
    Region: "pplus"	RelError: 2.56125e-02	AbsError: 2.25035e+02
      Equation: "ElectronContinuityEquation"	RelError: 2.24942e-17	AbsError: 2.24942e+02
      Equation: "HoleContinuityEquation"	RelError: 3.77333e-13	AbsError: 3.77333e-12
      Equation: "PotentialEquation"	RelError: 2.56125e-02	AbsError: 9.31646e-02
Iteration: 35
  Device: "diode"	RelError: 1.99826e+03	AbsError: 4.06853e+24
    Region: "ndrift"	RelError: 1.99824e+03	AbsError: 4.06853e+24
      Equation: "ElectronContinuityEquation"	RelError: 9.99000e+02	AbsError: 1.13667e+10
      Equation: "HoleContinuityEquation"	RelError: 9.99000e+02	AbsError: 4.06853e+24
      Equation: "PotentialEquation"	RelError: 2.38910e-01	AbsError: 1.03893e-01
    Region: "pplus"	RelError: 2.42699e-02	AbsError: 2.49893e+02
      Equation: "ElectronContinuityEquation"	RelError: 2.49803e-17	AbsError: 2.49803e+02
      Equation: "HoleContinuityEquation"	RelError: 4.30968e-13	AbsError: 4.30968e-12
      Equation: "PotentialEquation"	RelError: 2.42699e-02	AbsError: 9.04768e-02
Iteration: 36
  Device: "diode"	RelError: 1.99805e+03	AbsError: 4.06853e+21
    Region: "ndrift"	RelError: 1.99803e+03	AbsError: 4.06853e+21
      Equation: "ElectronContinuityEquation"	RelError: 9.99000e+02	AbsError: 8.73992e+09
      Equation: "HoleContinuityEquation"	RelError: 9.99000e+02	AbsError: 4.06853e+21
      Equation: "PotentialEquation"	RelError: 3.18968e-02	AbsError: 1.01941e-01
    Region: "pplus"	RelError: 2.29508e-02	AbsError: 2.01172e+02
      Equation: "ElectronContinuityEquation"	RelError: 2.01084e-17	AbsError: 2.01084e+02
      Equation: "HoleContinuityEquation"	RelError: 2.64390e-13	AbsError: 2.64390e-12
      Equation: "PotentialEquation"	RelError: 2.29508e-02	AbsError: 8.75690e-02
Iteration: 37
  Device: "diode"	RelError: 1.99805e+03	AbsError: 4.06853e+18
    Region: "ndrift"	RelError: 1.99803e+03	AbsError: 4.06853e+18
      Equation: "ElectronContinuityEquation"	RelError: 9.99000e+02	AbsError: 5.33691e+09
      Equation: "HoleContinuityEquation"	RelError: 9.99000e+02	AbsError: 4.06853e+18
      Equation: "PotentialEquation"	RelError: 3.02956e-02	AbsError: 9.98703e-02
    Region: "pplus"	RelError: 2.16428e-02	AbsError: 2.11397e+02
      Equation: "ElectronContinuityEquation"	RelError: 2.11313e-17	AbsError: 2.11313e+02
      Equation: "HoleContinuityEquation"	RelError: 1.29091e-13	AbsError: 1.29091e-12
      Equation: "PotentialEquation"	RelError: 2.16428e-02	AbsError: 8.44050e-02
Iteration: 38
  Device: "diode"	RelError: 1.99805e+03	AbsError: 5.68650e+18
    Region: "ndrift"	RelError: 1.99803e+03	AbsError: 5.68650e+18
      Equation: "ElectronContinuityEquation"	RelError: 9.99000e+02	AbsError: 3.34872e+09
      Equation: "HoleContinuityEquation"	RelError: 9.99000e+02	AbsError: 5.68650e+18
      Equation: "PotentialEquation"	RelError: 2.87677e-02	AbsError: 9.76672e-02
    Region: "pplus"	RelError: 2.03322e-02	AbsError: 1.60268e+02
      Equation: "ElectronContinuityEquation"	RelError: 1.60187e-17	AbsError: 1.60187e+02
      Equation: "HoleContinuityEquation"	RelError: 1.43159e-13	AbsError: 1.43159e-12
      Equation: "PotentialEquation"	RelError: 2.03322e-02	AbsError: 8.09393e-02
Iteration: 39
  Device: "diode"	RelError: 1.99805e+03	AbsError: 5.68488e+18
    Region: "ndrift"	RelError: 1.99803e+03	AbsError: 5.68488e+18
      Equation: "ElectronContinuityEquation"	RelError: 9.99000e+02	AbsError: 2.07097e+09
      Equation: "HoleContinuityEquation"	RelError: 9.99000e+02	AbsError: 5.68488e+18
      Equation: "PotentialEquation"	RelError: 2.73003e-02	AbsError: 9.53145e-02
    Region: "pplus"	RelError: 1.90032e-02	AbsError: 1.22773e+02
      Equation: "ElectronContinuityEquation"	RelError: 1.22696e-17	AbsError: 1.22696e+02
      Equation: "HoleContinuityEquation"	RelError: 1.28076e-13	AbsError: 1.28076e-12
      Equation: "PotentialEquation"	RelError: 1.90032e-02	AbsError: 7.71143e-02
Iteration: 40
  Device: "diode"	RelError: 1.99804e+03	AbsError: 9.67734e+18
    Region: "ndrift"	RelError: 1.99803e+03	AbsError: 9.67734e+18
      Equation: "ElectronContinuityEquation"	RelError: 9.99000e+02	AbsError: 1.25536e+09
      Equation: "HoleContinuityEquation"	RelError: 9.99000e+02	AbsError: 9.67734e+18
      Equation: "PotentialEquation"	RelError: 2.58809e-02	AbsError: 9.27919e-02
    Region: "pplus"	RelError: 1.76370e-02	AbsError: 1.13592e+02
      Equation: "ElectronContinuityEquation"	RelError: 1.13519e-17	AbsError: 1.13519e+02
      Equation: "HoleContinuityEquation"	RelError: 2.23624e-13	AbsError: 2.23624e-12
      Equation: "PotentialEquation"	RelError: 1.76370e-02	AbsError: 7.28554e-02
Iteration: 41
  Device: "diode"	RelError: 1.99804e+03	AbsError: 9.67335e+18
    Region: "ndrift"	RelError: 1.99802e+03	AbsError: 9.67335e+18
      Equation: "ElectronContinuityEquation"	RelError: 9.99000e+02	AbsError: 7.61057e+08
      Equation: "HoleContinuityEquation"	RelError: 9.99000e+02	AbsError: 9.67335e+18
      Equation: "PotentialEquation"	RelError: 2.44975e-02	AbsError: 9.00748e-02
    Region: "pplus"	RelError: 1.62103e-02	AbsError: 1.18893e+02
      Equation: "ElectronContinuityEquation"	RelError: 1.18825e-17	AbsError: 1.18825e+02
      Equation: "HoleContinuityEquation"	RelError: 5.94299e-14	AbsError: 5.94299e-13
      Equation: "PotentialEquation"	RelError: 1.62103e-02	AbsError: 6.80652e-02
Iteration: 42
  Device: "diode"	RelError: 1.99789e+03	AbsError: 2.50415e+19
    Region: "ndrift"	RelError: 1.99788e+03	AbsError: 2.50415e+19
      Equation: "ElectronContinuityEquation"	RelError: 9.99000e+02	AbsError: 4.29349e+08
      Equation: "HoleContinuityEquation"	RelError: 9.98852e+02	AbsError: 2.50415e+19
      Equation: "PotentialEquation"	RelError: 2.31435e-02	AbsError: 8.71328e-02
    Region: "pplus"	RelError: 1.46929e-02	AbsError: 7.33392e+01
      Equation: "ElectronContinuityEquation"	RelError: 7.32765e-18	AbsError: 7.32765e+01
      Equation: "HoleContinuityEquation"	RelError: 1.22191e-13	AbsError: 1.22191e-12
      Equation: "PotentialEquation"	RelError: 1.46929e-02	AbsError: 6.26139e-02
Iteration: 43
  Device: "diode"	RelError: 1.99803e+03	AbsError: 2.50262e+19
    Region: "ndrift"	RelError: 1.99802e+03	AbsError: 2.50262e+19
      Equation: "ElectronContinuityEquation"	RelError: 9.99000e+02	AbsError: 3.28845e+08
      Equation: "HoleContinuityEquation"	RelError: 9.99000e+02	AbsError: 2.50262e+19
      Equation: "PotentialEquation"	RelError: 2.18063e-02	AbsError: 8.39287e-02
    Region: "pplus"	RelError: 1.30454e-02	AbsError: 5.63071e+01
      Equation: "ElectronContinuityEquation"	RelError: 5.62508e-18	AbsError: 5.62508e+01
      Equation: "HoleContinuityEquation"	RelError: 8.51936e-14	AbsError: 8.51936e-13
      Equation: "PotentialEquation"	RelError: 1.30454e-02	AbsError: 5.63277e-02
Iteration: 44
  Device: "diode"	RelError: 1.00144e+03	AbsError: 1.52361e+20
    Region: "ndrift"	RelError: 1.00143e+03	AbsError: 1.52361e+20
      Equation: "ElectronContinuityEquation"	RelError: 9.99000e+02	AbsError: 8.17905e+07
      Equation: "HoleContinuityEquation"	RelError: 2.40620e+00	AbsError: 1.52361e+20
      Equation: "PotentialEquation"	RelError: 2.04659e-02	AbsError: 8.04156e-02
    Region: "pplus"	RelError: 1.12155e-02	AbsError: 4.94680e+01
      Equation: "ElectronContinuityEquation"	RelError: 4.94191e-18	AbsError: 4.94191e+01
      Equation: "HoleContinuityEquation"	RelError: 5.05445e-14	AbsError: 5.05445e-13
      Equation: "PotentialEquation"	RelError: 1.12155e-02	AbsError: 4.89759e-02
Iteration: 45
  Device: "diode"	RelError: 1.00163e+03	AbsError: 4.55100e+22
    Region: "ndrift"	RelError: 1.00162e+03	AbsError: 4.55100e+22
      Equation: "ElectronContinuityEquation"	RelError: 9.99000e+02	AbsError: 2.21644e+08
      Equation: "HoleContinuityEquation"	RelError: 2.60364e+00	AbsError: 4.55100e+22
      Equation: "PotentialEquation"	RelError: 1.91058e-02	AbsError: 7.65335e-02
    Region: "pplus"	RelError: 9.13820e-03	AbsError: 3.51706e+01
      Equation: "ElectronContinuityEquation"	RelError: 3.51304e-18	AbsError: 3.51304e+01
      Equation: "HoleContinuityEquation"	RelError: 2.91304e-14	AbsError: 2.91304e-13
      Equation: "PotentialEquation"	RelError: 9.13820e-03	AbsError: 4.02727e-02
Iteration: 46
  Device: "diode"	RelError: 1.99802e+03	AbsError: 4.56167e+22
    Region: "ndrift"	RelError: 1.99802e+03	AbsError: 4.56167e+22
      Equation: "ElectronContinuityEquation"	RelError: 9.99000e+02	AbsError: 1.49699e+09
      Equation: "HoleContinuityEquation"	RelError: 9.99000e+02	AbsError: 4.56167e+22
      Equation: "PotentialEquation"	RelError: 1.77060e-02	AbsError: 7.22049e-02
    Region: "pplus"	RelError: 6.75267e-03	AbsError: 2.21854e+01
      Equation: "ElectronContinuityEquation"	RelError: 2.21554e-18	AbsError: 2.21554e+01
      Equation: "HoleContinuityEquation"	RelError: 4.86471e-14	AbsError: 4.86471e-13
      Equation: "PotentialEquation"	RelError: 6.75267e-03	AbsError: 2.99619e-02
Iteration: 47
  Device: "diode"	RelError: 1.00002e+03	AbsError: 4.56167e+19
    Region: "ndrift"	RelError: 1.00002e+03	AbsError: 4.56167e+19
      Equation: "ElectronContinuityEquation"	RelError: 1.00000e+00	AbsError: 2.10658e+10
      Equation: "HoleContinuityEquation"	RelError: 9.99000e+02	AbsError: 4.56167e+19
      Equation: "PotentialEquation"	RelError: 1.62431e-02	AbsError: 6.73327e-02
    Region: "pplus"	RelError: 4.09597e-03	AbsError: 1.81244e+01
      Equation: "ElectronContinuityEquation"	RelError: 1.81061e-18	AbsError: 1.81061e+01
      Equation: "HoleContinuityEquation"	RelError: 1.81406e-14	AbsError: 1.81406e-13
      Equation: "PotentialEquation"	RelError: 4.09597e-03	AbsError: 1.82487e-02
Iteration: 48
  Device: "diode"	RelError: 1.00002e+03	AbsError: 4.85004e+20
    Region: "ndrift"	RelError: 1.00001e+03	AbsError: 4.85004e+20
      Equation: "ElectronContinuityEquation"	RelError: 9.99000e+02	AbsError: 1.94106e+10
      Equation: "HoleContinuityEquation"	RelError: 9.99999e-01	AbsError: 4.85004e+20
      Equation: "PotentialEquation"	RelError: 1.46824e-02	AbsError: 6.17702e-02
    Region: "pplus"	RelError: 1.84766e-03	AbsError: 1.22033e+01
      Equation: "ElectronContinuityEquation"	RelError: 1.21950e-18	AbsError: 1.21950e+01
      Equation: "HoleContinuityEquation"	RelError: 9.16068e-15	AbsError: 9.16068e-14
      Equation: "PotentialEquation"	RelError: 1.84766e-03	AbsError: 8.24709e-03
Iteration: 49
  Device: "diode"	RelError: 5.14115e+03	AbsError: 2.82721e+22
    Region: "ndrift"	RelError: 5.14115e+03	AbsError: 2.82721e+22
      Equation: "ElectronContinuityEquation"	RelError: 5.14013e+03	AbsError: 8.29589e+10
      Equation: "HoleContinuityEquation"	RelError: 9.98082e-01	AbsError: 2.82721e+22
      Equation: "PotentialEquation"	RelError: 1.83721e-02	AbsError: 5.53156e-02
    Region: "pplus"	RelError: 3.22432e-15	AbsError: 1.00000e+01
      Equation: "ElectronContinuityEquation"	RelError: 1.00000e-18	AbsError: 1.00000e+01
      Equation: "HoleContinuityEquation"	RelError: 3.19844e-15	AbsError: 3.19844e-14
      Equation: "PotentialEquation"	RelError: 2.48790e-17	AbsError: 1.11048e-16
Iteration: 50
  Device: "diode"	RelError: 1.99847e+03	AbsError: 2.87284e+22
    Region: "ndrift"	RelError: 1.99847e+03	AbsError: 2.87284e+22
      Equation: "ElectronContinuityEquation"	RelError: 9.98999e+02	AbsError: 1.19651e+12
      Equation: "HoleContinuityEquation"	RelError: 9.99000e+02	AbsError: 2.87284e+22
      Equation: "PotentialEquation"	RelError: 4.72986e-01	AbsError: 4.67733e-02
    Region: "pplus"	RelError: 2.68790e-17	AbsError: 1.00000e+01
      Equation: "ElectronContinuityEquation"	RelError: 1.00000e-18	AbsError: 1.00000e+01
      Equation: "HoleContinuityEquation"	RelError: 1.00000e-18	AbsError: 1.00000e-17
      Equation: "PotentialEquation"	RelError: 2.48790e-17	AbsError: 1.11048e-16
Iteration: 51
  Device: "diode"	RelError: 1.00315e+03	AbsError: 7.53458e+22
    Region: "ndrift"	RelError: 1.00315e+03	AbsError: 7.53458e+22
      Equation: "ElectronContinuityEquation"	RelError: 9.99000e+02	AbsError: 4.69954e+12
      Equation: "HoleContinuityEquation"	RelError: 1.79969e+00	AbsError: 7.53458e+22
      Equation: "PotentialEquation"	RelError: 2.34701e+00	AbsError: 3.38067e-02
    Region: "pplus"	RelError: 2.68790e-17	AbsError: 1.00000e+01
      Equation: "ElectronContinuityEquation"	RelError: 1.00000e-18	AbsError: 1.00000e+01
      Equation: "HoleContinuityEquation"	RelError: 1.00000e-18	AbsError: 1.00000e-17
      Equation: "PotentialEquation"	RelError: 2.48790e-17	AbsError: 1.11048e-16
Iteration: 52
  Device: "diode"	RelError: 1.00276e+03	AbsError: 7.52992e+22
    Region: "ndrift"	RelError: 1.00276e+03	AbsError: 7.52992e+22
      Equation: "ElectronContinuityEquation"	RelError: 1.00000e+00	AbsError: 9.40954e+12
      Equation: "HoleContinuityEquation"	RelError: 9.99000e+02	AbsError: 7.52992e+22
      Equation: "PotentialEquation"	RelError: 2.75969e+00	AbsError: 3.09570e-02
    Region: "pplus"	RelError: 2.68790e-17	AbsError: 1.00000e+01
      Equation: "ElectronContinuityEquation"	RelError: 1.00000e-18	AbsError: 1.00000e+01
      Equation: "HoleContinuityEquation"	RelError: 1.00000e-18	AbsError: 1.00000e-17
      Equation: "PotentialEquation"	RelError: 2.48790e-17	AbsError: 1.11048e-16
Iteration: 53
  Device: "diode"	RelError: 1.00226e+03	AbsError: 1.36654e+22
    Region: "ndrift"	RelError: 1.00226e+03	AbsError: 1.36654e+22
      Equation: "ElectronContinuityEquation"	RelError: 9.99000e+02	AbsError: 1.11077e+13
      Equation: "HoleContinuityEquation"	RelError: 9.99506e-01	AbsError: 1.36654e+22
      Equation: "PotentialEquation"	RelError: 2.26480e+00	AbsError: 2.58260e-02
    Region: "pplus"	RelError: 2.68790e-17	AbsError: 1.00000e+01
      Equation: "ElectronContinuityEquation"	RelError: 1.00000e-18	AbsError: 1.00000e+01
      Equation: "HoleContinuityEquation"	RelError: 1.00000e-18	AbsError: 1.00000e-17
      Equation: "PotentialEquation"	RelError: 2.48790e-17	AbsError: 1.11048e-16
Iteration: 54
  Device: "diode"	RelError: 1.00311e+03	AbsError: 1.37270e+22
    Region: "ndrift"	RelError: 1.00311e+03	AbsError: 1.37270e+22
      Equation: "ElectronContinuityEquation"	RelError: 9.99810e-01	AbsError: 9.59836e+12
      Equation: "HoleContinuityEquation"	RelError: 9.99000e+02	AbsError: 1.37270e+22
      Equation: "PotentialEquation"	RelError: 3.11387e+00	AbsError: 2.79379e-02
    Region: "pplus"	RelError: 2.68790e-17	AbsError: 1.00000e+01
      Equation: "ElectronContinuityEquation"	RelError: 1.00000e-18	AbsError: 1.00000e+01
      Equation: "HoleContinuityEquation"	RelError: 1.00000e-18	AbsError: 1.00000e-17
      Equation: "PotentialEquation"	RelError: 2.48790e-17	AbsError: 1.11048e-16
Iteration: 55
  Device: "diode"	RelError: 2.54530e+03	AbsError: 1.75989e+22
    Region: "ndrift"	RelError: 2.54530e+03	AbsError: 1.75989e+22
      Equation: "ElectronContinuityEquation"	RelError: 2.52327e+03	AbsError: 1.48157e+13
      Equation: "HoleContinuityEquation"	RelError: 9.99614e-01	AbsError: 1.75989e+22
      Equation: "PotentialEquation"	RelError: 2.10222e+01	AbsError: 3.55582e-02
    Region: "pplus"	RelError: 2.68790e-17	AbsError: 1.00000e+01
      Equation: "ElectronContinuityEquation"	RelError: 1.00000e-18	AbsError: 1.00000e+01
      Equation: "HoleContinuityEquation"	RelError: 1.00000e-18	AbsError: 1.00000e-17
      Equation: "PotentialEquation"	RelError: 2.48790e-17	AbsError: 1.11048e-16
Iteration: 56
  Device: "diode"	RelError: 1.00936e+03	AbsError: 1.75950e+22
    Region: "ndrift"	RelError: 1.00936e+03	AbsError: 1.75950e+22
      Equation: "ElectronContinuityEquation"	RelError: 1.21890e+00	AbsError: 3.81211e+13
      Equation: "HoleContinuityEquation"	RelError: 9.99000e+02	AbsError: 1.75950e+22
      Equation: "PotentialEquation"	RelError: 9.14137e+00	AbsError: 5.32502e-02
    Region: "pplus"	RelError: 2.68790e-17	AbsError: 1.00000e+01
      Equation: "ElectronContinuityEquation"	RelError: 1.00000e-18	AbsError: 1.00000e+01
      Equation: "HoleContinuityEquation"	RelError: 1.00000e-18	AbsError: 1.00000e-17
      Equation: "PotentialEquation"	RelError: 2.48790e-17	AbsError: 1.11048e-16
Iteration: 57
  Device: "diode"	RelError: 1.03400e+03	AbsError: 1.07307e+22
    Region: "ndrift"	RelError: 1.03400e+03	AbsError: 1.07307e+22
      Equation: "ElectronContinuityEquation"	RelError: 9.99000e+02	AbsError: 4.10092e+13
      Equation: "HoleContinuityEquation"	RelError: 9.99253e-01	AbsError: 1.07307e+22
      Equation: "PotentialEquation"	RelError: 3.39979e+01	AbsError: 4.40244e-02
    Region: "pplus"	RelError: 2.68790e-17	AbsError: 1.00000e+01
      Equation: "ElectronContinuityEquation"	RelError: 1.00000e-18	AbsError: 1.00000e+01
      Equation: "HoleContinuityEquation"	RelError: 1.00000e-18	AbsError: 1.00000e-17
      Equation: "PotentialEquation"	RelError: 2.48790e-17	AbsError: 1.11048e-16
Iteration: 58
  Device: "diode"	RelError: 1.05200e+03	AbsError: 1.39370e+23
    Region: "ndrift"	RelError: 1.05200e+03	AbsError: 1.39370e+23
      Equation: "ElectronContinuityEquation"	RelError: 9.99000e+02	AbsError: 1.58253e+13
      Equation: "HoleContinuityEquation"	RelError: 9.28401e-01	AbsError: 1.39370e+23
      Equation: "PotentialEquation"	RelError: 5.20682e+01	AbsError: 4.65191e-02
    Region: "pplus"	RelError: 2.68790e-17	AbsError: 1.00000e+01
      Equation: "ElectronContinuityEquation"	RelError: 1.00000e-18	AbsError: 1.00000e+01
      Equation: "HoleContinuityEquation"	RelError: 1.00000e-18	AbsError: 1.00000e-17
      Equation: "PotentialEquation"	RelError: 2.48790e-17	AbsError: 1.11048e-16
Iteration: 59
  Device: "diode"	RelError: 8.74235e+00	AbsError: 6.38078e+22
    Region: "ndrift"	RelError: 8.74235e+00	AbsError: 6.38078e+22
      Equation: "ElectronContinuityEquation"	RelError: 9.99994e-01	AbsError: 1.51349e+13
      Equation: "HoleContinuityEquation"	RelError: 1.91418e+00	AbsError: 6.38078e+22
      Equation: "PotentialEquation"	RelError: 5.82818e+00	AbsError: 1.78394e-02
    Region: "pplus"	RelError: 2.68790e-17	AbsError: 1.00000e+01
      Equation: "ElectronContinuityEquation"	RelError: 1.00000e-18	AbsError: 1.00000e+01
      Equation: "HoleContinuityEquation"	RelError: 1.00000e-18	AbsError: 1.00000e-17
      Equation: "PotentialEquation"	RelError: 2.48790e-17	AbsError: 1.11048e-16
Iteration: 60
  Device: "diode"	RelError: 1.68344e+00	AbsError: 3.36975e+22
    Region: "ndrift"	RelError: 1.68344e+00	AbsError: 3.36975e+22
      Equation: "ElectronContinuityEquation"	RelError: 3.54168e-01	AbsError: 6.64415e+11
      Equation: "HoleContinuityEquation"	RelError: 1.03134e+00	AbsError: 3.36975e+22
      Equation: "PotentialEquation"	RelError: 2.97930e-01	AbsError: 2.41832e-03
    Region: "pplus"	RelError: 2.68790e-17	AbsError: 1.00000e+01
      Equation: "ElectronContinuityEquation"	RelError: 1.00000e-18	AbsError: 1.00000e+01
      Equation: "HoleContinuityEquation"	RelError: 1.00000e-18	AbsError: 1.00000e-17
      Equation: "PotentialEquation"	RelError: 2.48790e-17	AbsError: 1.11048e-16
Iteration: 61
  Device: "diode"	RelError: 1.00186e+03	AbsError: 4.23438e+23
    Region: "ndrift"	RelError: 1.00186e+03	AbsError: 4.23438e+23
      Equation: "ElectronContinuityEquation"	RelError: 9.99000e+02	AbsError: 1.26480e+13
      Equation: "HoleContinuityEquation"	RelError: 7.01444e-01	AbsError: 4.23438e+23
      Equation: "PotentialEquation"	RelError: 2.16095e+00	AbsError: 2.69145e-02
    Region: "pplus"	RelError: 2.68790e-17	AbsError: 1.00000e+01
      Equation: "ElectronContinuityEquation"	RelError: 1.00000e-18	AbsError: 1.00000e+01
      Equation: "HoleContinuityEquation"	RelError: 1.00000e-18	AbsError: 1.00000e-17
      Equation: "PotentialEquation"	RelError: 2.48790e-17	AbsError: 1.11048e-16
Iteration: 62
  Device: "diode"	RelError: 4.85248e+01	AbsError: 5.88606e+22
    Region: "ndrift"	RelError: 4.85248e+01	AbsError: 5.88606e+22
      Equation: "ElectronContinuityEquation"	RelError: 9.98316e-01	AbsError: 6.07264e+12
      Equation: "HoleContinuityEquation"	RelError: 6.97633e-01	AbsError: 5.88606e+22
      Equation: "PotentialEquation"	RelError: 4.68288e+01	AbsError: 1.25330e-02
    Region: "pplus"	RelError: 2.68790e-17	AbsError: 1.00000e+01
      Equation: "ElectronContinuityEquation"	RelError: 1.00000e-18	AbsError: 1.00000e+01
      Equation: "HoleContinuityEquation"	RelError: 1.00000e-18	AbsError: 1.00000e-17
      Equation: "PotentialEquation"	RelError: 2.48790e-17	AbsError: 1.11048e-16
Iteration: 63
  Device: "diode"	RelError: 2.56252e+00	AbsError: 1.90259e+23
    Region: "ndrift"	RelError: 2.56252e+00	AbsError: 1.90259e+23
      Equation: "ElectronContinuityEquation"	RelError: 5.21844e-01	AbsError: 2.24862e+12
      Equation: "HoleContinuityEquation"	RelError: 8.18716e-01	AbsError: 1.90259e+23
      Equation: "PotentialEquation"	RelError: 1.22196e+00	AbsError: 7.31011e-03
    Region: "pplus"	RelError: 2.68790e-17	AbsError: 1.00000e+01
      Equation: "ElectronContinuityEquation"	RelError: 1.00000e-18	AbsError: 1.00000e+01
      Equation: "HoleContinuityEquation"	RelError: 1.00000e-18	AbsError: 1.00000e-17
      Equation: "PotentialEquation"	RelError: 2.48790e-17	AbsError: 1.11048e-16
Iteration: 64
  Device: "diode"	RelError: 6.82237e-01	AbsError: 1.55013e+23
    Region: "ndrift"	RelError: 6.82237e-01	AbsError: 1.55013e+23
      Equation: "ElectronContinuityEquation"	RelError: 1.12650e-01	AbsError: 1.13170e+12
      Equation: "HoleContinuityEquation"	RelError: 1.92943e-01	AbsError: 1.55013e+23
      Equation: "PotentialEquation"	RelError: 3.76643e-01	AbsError: 3.46711e-03
    Region: "pplus"	RelError: 2.68790e-17	AbsError: 1.00000e+01
      Equation: "ElectronContinuityEquation"	RelError: 1.00000e-18	AbsError: 1.00000e+01
      Equation: "HoleContinuityEquation"	RelError: 1.00000e-18	AbsError: 1.00000e-17
      Equation: "PotentialEquation"	RelError: 2.48790e-17	AbsError: 1.11048e-16
Iteration: 65
  Device: "diode"	RelError: 1.43370e+01	AbsError: 3.43829e+23
    Region: "ndrift"	RelError: 1.43370e+01	AbsError: 3.43829e+23
      Equation: "ElectronContinuityEquation"	RelError: 3.10652e-01	AbsError: 2.77262e+12
      Equation: "HoleContinuityEquation"	RelError: 6.29437e-01	AbsError: 3.43829e+23
      Equation: "PotentialEquation"	RelError: 1.33969e+01	AbsError: 8.69401e-03
    Region: "pplus"	RelError: 2.68790e-17	AbsError: 1.00000e+01
      Equation: "ElectronContinuityEquation"	RelError: 1.00000e-18	AbsError: 1.00000e+01
      Equation: "HoleContinuityEquation"	RelError: 1.00000e-18	AbsError: 1.00000e-17
      Equation: "PotentialEquation"	RelError: 2.48790e-17	AbsError: 1.11048e-16
Iteration: 66
  Device: "diode"	RelError: 1.41001e+00	AbsError: 1.79504e+23
    Region: "ndrift"	RelError: 1.41001e+00	AbsError: 1.79504e+23
      Equation: "ElectronContinuityEquation"	RelError: 2.67112e-01	AbsError: 1.46603e+12
      Equation: "HoleContinuityEquation"	RelError: 2.66228e-01	AbsError: 1.79504e+23
      Equation: "PotentialEquation"	RelError: 8.76669e-01	AbsError: 4.65018e-03
    Region: "pplus"	RelError: 2.68790e-17	AbsError: 1.00000e+01
      Equation: "ElectronContinuityEquation"	RelError: 1.00000e-18	AbsError: 1.00000e+01
      Equation: "HoleContinuityEquation"	RelError: 1.00000e-18	AbsError: 1.00000e-17
      Equation: "PotentialEquation"	RelError: 2.48790e-17	AbsError: 1.11048e-16
Iteration: 67
  Device: "diode"	RelError: 1.03433e+03	AbsError: 7.83089e+24
    Region: "ndrift"	RelError: 1.03433e+03	AbsError: 7.83089e+24
      Equation: "ElectronContinuityEquation"	RelError: 9.99000e+02	AbsError: 7.23025e+13
      Equation: "HoleContinuityEquation"	RelError: 9.15183e-01	AbsError: 7.83089e+24
      Equation: "PotentialEquation"	RelError: 3.44168e+01	AbsError: 5.93212e-02
    Region: "pplus"	RelError: 2.68790e-17	AbsError: 1.00000e+01
      Equation: "ElectronContinuityEquation"	RelError: 1.00000e-18	AbsError: 1.00000e+01
      Equation: "HoleContinuityEquation"	RelError: 1.00000e-18	AbsError: 1.00000e-17
      Equation: "PotentialEquation"	RelError: 2.48790e-17	AbsError: 1.11048e-16
Iteration: 68
  Device: "diode"	RelError: 3.32564e+01	AbsError: 1.44877e+23
    Region: "ndrift"	RelError: 3.32564e+01	AbsError: 1.44877e+23
      Equation: "ElectronContinuityEquation"	RelError: 9.98212e-01	AbsError: 5.32713e+13
      Equation: "HoleContinuityEquation"	RelError: 2.29803e+00	AbsError: 1.44877e+23
      Equation: "PotentialEquation"	RelError: 2.99601e+01	AbsError: 1.92845e-02
    Region: "pplus"	RelError: 2.68790e-17	AbsError: 1.00000e+01
      Equation: "ElectronContinuityEquation"	RelError: 1.00000e-18	AbsError: 1.00000e+01
      Equation: "HoleContinuityEquation"	RelError: 1.00000e-18	AbsError: 1.00000e-17
      Equation: "PotentialEquation"	RelError: 2.48790e-17	AbsError: 1.11048e-16
Iteration: 69
  Device: "diode"	RelError: 2.10548e+01	AbsError: 2.79297e+23
    Region: "ndrift"	RelError: 2.10548e+01	AbsError: 2.79297e+23
      Equation: "ElectronContinuityEquation"	RelError: 3.49140e-01	AbsError: 1.01209e+12
      Equation: "HoleContinuityEquation"	RelError: 2.02500e+01	AbsError: 2.79297e+23
      Equation: "PotentialEquation"	RelError: 4.55633e-01	AbsError: 5.04611e-04
    Region: "pplus"	RelError: 2.68790e-17	AbsError: 1.00000e+01
      Equation: "ElectronContinuityEquation"	RelError: 1.00000e-18	AbsError: 1.00000e+01
      Equation: "HoleContinuityEquation"	RelError: 1.00000e-18	AbsError: 1.00000e-17
      Equation: "PotentialEquation"	RelError: 2.48790e-17	AbsError: 1.11048e-16
Iteration: 70
  Device: "diode"	RelError: 5.34228e-01	AbsError: 1.74830e+23
    Region: "ndrift"	RelError: 5.34228e-01	AbsError: 1.74830e+23
      Equation: "ElectronContinuityEquation"	RelError: 2.00787e-02	AbsError: 1.74441e+11
      Equation: "HoleContinuityEquation"	RelError: 3.97497e-01	AbsError: 1.74830e+23
      Equation: "PotentialEquation"	RelError: 1.16653e-01	AbsError: 4.62657e-04
    Region: "pplus"	RelError: 2.68790e-17	AbsError: 1.00000e+01
      Equation: "ElectronContinuityEquation"	RelError: 1.00000e-18	AbsError: 1.00000e+01
      Equation: "HoleContinuityEquation"	RelError: 1.00000e-18	AbsError: 1.00000e-17
      Equation: "PotentialEquation"	RelError: 2.48790e-17	AbsError: 1.11048e-16
Iteration: 71
  Device: "diode"	RelError: 5.61767e-01	AbsError: 3.74058e+23
    Region: "ndrift"	RelError: 5.61767e-01	AbsError: 3.74058e+23
      Equation: "ElectronContinuityEquation"	RelError: 4.19737e-02	AbsError: 3.72633e+11
      Equation: "HoleContinuityEquation"	RelError: 1.86919e-01	AbsError: 3.74058e+23
      Equation: "PotentialEquation"	RelError: 3.32874e-01	AbsError: 9.95405e-04
    Region: "pplus"	RelError: 2.68790e-17	AbsError: 1.00000e+01
      Equation: "ElectronContinuityEquation"	RelError: 1.00000e-18	AbsError: 1.00000e+01
      Equation: "HoleContinuityEquation"	RelError: 1.00000e-18	AbsError: 1.00000e-17
      Equation: "PotentialEquation"	RelError: 2.48790e-17	AbsError: 1.11048e-16
Iteration: 72
  Device: "diode"	RelError: 1.24067e-01	AbsError: 6.55626e+22
    Region: "ndrift"	RelError: 1.24067e-01	AbsError: 6.55626e+22
      Equation: "ElectronContinuityEquation"	RelError: 9.75707e-03	AbsError: 7.55443e+10
      Equation: "HoleContinuityEquation"	RelError: 4.17303e-02	AbsError: 6.55626e+22
      Equation: "PotentialEquation"	RelError: 7.25801e-02	AbsError: 2.03266e-04
    Region: "pplus"	RelError: 2.68790e-17	AbsError: 1.00000e+01
      Equation: "ElectronContinuityEquation"	RelError: 1.00000e-18	AbsError: 1.00000e+01
      Equation: "HoleContinuityEquation"	RelError: 1.00000e-18	AbsError: 1.00000e-17
      Equation: "PotentialEquation"	RelError: 2.48790e-17	AbsError: 1.11048e-16
Iteration: 73
  Device: "diode"	RelError: 9.00122e-02	AbsError: 6.20146e+22
    Region: "ndrift"	RelError: 9.00122e-02	AbsError: 6.20146e+22
      Equation: "ElectronContinuityEquation"	RelError: 7.58397e-03	AbsError: 6.48581e+10
      Equation: "HoleContinuityEquation"	RelError: 1.61015e-02	AbsError: 6.20146e+22
      Equation: "PotentialEquation"	RelError: 6.63267e-02	AbsError: 1.73689e-04
    Region: "pplus"	RelError: 2.68790e-17	AbsError: 1.00000e+01
      Equation: "ElectronContinuityEquation"	RelError: 1.00000e-18	AbsError: 1.00000e+01
      Equation: "HoleContinuityEquation"	RelError: 1.00000e-18	AbsError: 1.00000e-17
      Equation: "PotentialEquation"	RelError: 2.48790e-17	AbsError: 1.11048e-16
Iteration: 74
  Device: "diode"	RelError: 1.75078e-01	AbsError: 7.94721e+22
    Region: "ndrift"	RelError: 1.75078e-01	AbsError: 7.94721e+22
      Equation: "ElectronContinuityEquation"	RelError: 9.74819e-03	AbsError: 8.36018e+10
      Equation: "HoleContinuityEquation"	RelError: 7.18290e-02	AbsError: 7.94721e+22
      Equation: "PotentialEquation"	RelError: 9.35008e-02	AbsError: 2.23960e-04
    Region: "pplus"	RelError: 2.68790e-17	AbsError: 1.00000e+01
      Equation: "ElectronContinuityEquation"	RelError: 1.00000e-18	AbsError: 1.00000e+01
      Equation: "HoleContinuityEquation"	RelError: 1.00000e-18	AbsError: 1.00000e-17
      Equation: "PotentialEquation"	RelError: 2.48790e-17	AbsError: 1.11048e-16
Iteration: 75
  Device: "diode"	RelError: 1.10139e-01	AbsError: 4.30508e+22
    Region: "ndrift"	RelError: 1.10139e-01	AbsError: 4.30508e+22
      Equation: "ElectronContinuityEquation"	RelError: 5.28612e-03	AbsError: 4.52009e+10
      Equation: "HoleContinuityEquation"	RelError: 5.67379e-02	AbsError: 4.30508e+22
      Equation: "PotentialEquation"	RelError: 4.81146e-02	AbsError: 1.21063e-04
    Region: "pplus"	RelError: 2.68790e-17	AbsError: 1.00000e+01
      Equation: "ElectronContinuityEquation"	RelError: 1.00000e-18	AbsError: 1.00000e+01
      Equation: "HoleContinuityEquation"	RelError: 1.00000e-18	AbsError: 1.00000e-17
      Equation: "PotentialEquation"	RelError: 2.48790e-17	AbsError: 1.11048e-16
Iteration: 76
  Device: "diode"	RelError: 1.84931e-01	AbsError: 5.85171e+22
    Region: "ndrift"	RelError: 1.84931e-01	AbsError: 5.85171e+22
      Equation: "ElectronContinuityEquation"	RelError: 7.21483e-03	AbsError: 6.17596e+10
      Equation: "HoleContinuityEquation"	RelError: 1.07335e-01	AbsError: 5.85171e+22
      Equation: "PotentialEquation"	RelError: 7.03807e-02	AbsError: 1.65482e-04
    Region: "pplus"	RelError: 2.68790e-17	AbsError: 1.00000e+01
      Equation: "ElectronContinuityEquation"	RelError: 1.00000e-18	AbsError: 1.00000e+01
      Equation: "HoleContinuityEquation"	RelError: 1.00000e-18	AbsError: 1.00000e-17
      Equation: "PotentialEquation"	RelError: 2.48790e-17	AbsError: 1.11048e-16
Iteration: 77
  Device: "diode"	RelError: 2.82634e+01	AbsError: 7.98418e+23
    Region: "ndrift"	RelError: 2.82634e+01	AbsError: 7.98418e+23
      Equation: "ElectronContinuityEquation"	RelError: 9.05314e-02	AbsError: 8.47062e+11
      Equation: "HoleContinuityEquation"	RelError: 2.58578e-01	AbsError: 7.98418e+23
      Equation: "PotentialEquation"	RelError: 2.79143e+01	AbsError: 2.27027e-03
    Region: "pplus"	RelError: 2.68790e-17	AbsError: 1.00000e+01
      Equation: "ElectronContinuityEquation"	RelError: 1.00000e-18	AbsError: 1.00000e+01
      Equation: "HoleContinuityEquation"	RelError: 1.00000e-18	AbsError: 1.00000e-17
      Equation: "PotentialEquation"	RelError: 2.48790e-17	AbsError: 1.11048e-16
Iteration: 78
  Device: "diode"	RelError: 1.00186e+03	AbsError: 7.19486e+24
    Region: "ndrift"	RelError: 1.00186e+03	AbsError: 7.19486e+24
      Equation: "ElectronContinuityEquation"	RelError: 5.76027e-01	AbsError: 1.13128e+13
      Equation: "HoleContinuityEquation"	RelError: 9.99000e+02	AbsError: 7.19486e+24
      Equation: "PotentialEquation"	RelError: 2.28765e+00	AbsError: 2.56401e-02
    Region: "pplus"	RelError: 2.68790e-17	AbsError: 1.00000e+01
      Equation: "ElectronContinuityEquation"	RelError: 1.00000e-18	AbsError: 1.00000e+01
      Equation: "HoleContinuityEquation"	RelError: 1.00000e-18	AbsError: 1.00000e-17
      Equation: "PotentialEquation"	RelError: 2.48790e-17	AbsError: 1.11048e-16
Iteration: 79
  Device: "diode"	RelError: 2.00337e+03	AbsError: 5.05010e+23
    Region: "ndrift"	RelError: 2.00337e+03	AbsError: 5.05010e+23
      Equation: "ElectronContinuityEquation"	RelError: 9.99000e+02	AbsError: 1.98143e+13
      Equation: "HoleContinuityEquation"	RelError: 9.99000e+02	AbsError: 5.05010e+23
      Equation: "PotentialEquation"	RelError: 5.37300e+00	AbsError: 3.96055e-02
    Region: "pplus"	RelError: 2.68790e-17	AbsError: 1.00000e+01
      Equation: "ElectronContinuityEquation"	RelError: 1.00000e-18	AbsError: 1.00000e+01
      Equation: "HoleContinuityEquation"	RelError: 1.00000e-18	AbsError: 1.00000e-17
      Equation: "PotentialEquation"	RelError: 2.48790e-17	AbsError: 1.11048e-16
Iteration: 80
  Device: "diode"	RelError: 2.23253e+03	AbsError: 4.80102e+22
    Region: "ndrift"	RelError: 2.23253e+03	AbsError: 4.80102e+22
      Equation: "ElectronContinuityEquation"	RelError: 9.99000e+02	AbsError: 1.18294e+13
      Equation: "HoleContinuityEquation"	RelError: 9.99000e+02	AbsError: 4.80102e+22
      Equation: "PotentialEquation"	RelError: 2.34534e+02	AbsError: 1.64061e-02
    Region: "pplus"	RelError: 2.68790e-17	AbsError: 1.00000e+01
      Equation: "ElectronContinuityEquation"	RelError: 1.00000e-18	AbsError: 1.00000e+01
      Equation: "HoleContinuityEquation"	RelError: 1.00000e-18	AbsError: 1.00000e-17
      Equation: "PotentialEquation"	RelError: 2.48790e-17	AbsError: 1.11048e-16
